   1              		.cpu arm7tdmi
   2              		.fpu softvfp
   3              		.eabi_attribute 20, 1
   4              		.eabi_attribute 21, 1
   5              		.eabi_attribute 23, 3
   6              		.eabi_attribute 24, 1
   7              		.eabi_attribute 25, 1
   8              		.eabi_attribute 26, 1
   9              		.eabi_attribute 30, 6
  10              		.eabi_attribute 18, 4
  11              		.file	"44blib.c"
  21              	.Ltext0:
  22              		.file 1 "../common/44blib.c"
 3402              		.align	2
 3405              	mallocPt:
 3406 0000 00000000 		.word	Image_RW_Limit
 3407              		.global	restart
 3408              		.bss
 3409              		.align	2
 3412              	restart:
 3413 0000 00000000 		.space	4
 3414              		.global	run
 3415              		.data
 3416              		.align	2
 3419              	run:
 3420 0004 0000000C 		.word	201326592
 3421              		.align	2
 3424              	delayLoopCount:
 3425 0008 90010000 		.word	400
 3426              		.global	__aeabi_idiv
 3427              		.text
 3428              		.align	2
 3429              		.global	Delay
 3431              	Delay:
 3432              	.LFB0:
   1:../common/44blib.c **** #include "44b.h"
   2:../common/44blib.c **** #include "44blib.h"
   3:../common/44blib.c **** #include "def.h"
   4:../common/44blib.c **** #include "option.h"
   5:../common/44blib.c **** 
   6:../common/44blib.c **** #include <stdarg.h>
   7:../common/44blib.c **** #include <string.h>
   8:../common/44blib.c **** #include <stdio.h>
   9:../common/44blib.c **** #include <ctype.h>
  10:../common/44blib.c **** 
  11:../common/44blib.c **** #define STACKSIZE    0xa00 // SVC stack size (do not use user stack)
  12:../common/44blib.c **** #define HEAPEND     (_ISR_STARTADDRESS-STACKSIZE-0x500) // = 0xc7ff000
  13:../common/44blib.c **** //SVC Stack Area:0xc(e)7ff000-0xc(e)7ffaff//
  14:../common/44blib.c **** 
  15:../common/44blib.c **** extern char Image_RW_Limit[];
  16:../common/44blib.c **** volatile unsigned char *downPt;
  17:../common/44blib.c **** unsigned int fileSize;
  18:../common/44blib.c **** void *mallocPt = Image_RW_Limit;
  19:../common/44blib.c **** 
  20:../common/44blib.c **** void (*restart)(void) = (void (*)(void))0x0;
  21:../common/44blib.c **** void (*run)(void) = (void (*)(void))DOWNLOAD_ADDRESS;
  22:../common/44blib.c **** 
  23:../common/44blib.c **** //--------------------------------SYSTEM---------------------------------//
  24:../common/44blib.c **** static int delayLoopCount = 400;
  25:../common/44blib.c **** 
  26:../common/44blib.c **** void Delay(int time)
  27:../common/44blib.c **** // time=0: adjust the Delay function by WatchDog timer
  28:../common/44blib.c **** // time>0: the number of loop time
  29:../common/44blib.c **** // 100us resolution
  30:../common/44blib.c **** // Delay(10) -> 10*100us resolution
  31:../common/44blib.c **** {
 3433              		.loc 1 31 0
 3434              		.cfi_startproc
 3435              		@ Function supports interworking.
 3436              		@ args = 0, pretend = 0, frame = 16
 3437              		@ frame_needed = 1, uses_anonymous_args = 0
 3438 0000 0DC0A0E1 		mov	ip, sp
 3439              	.LCFI0:
 3440              		.cfi_def_cfa_register 12
 3441 0004 00D82DE9 		stmfd	sp!, {fp, ip, lr, pc}
 3442 0008 04B04CE2 		sub	fp, ip, #4
 3443              		.cfi_offset 14, -8
 3444              		.cfi_offset 13, -12
 3445              		.cfi_offset 11, -16
 3446              	.LCFI1:
 3447              		.cfi_def_cfa 11, 4
 3448 000c 10D04DE2 		sub	sp, sp, #16
 3449 0010 18000BE5 		str	r0, [fp, #-24]
  32:../common/44blib.c **** 	int i,adjust = 0;
 3450              		.loc 1 32 0
 3451 0014 0030A0E3 		mov	r3, #0
 3452 0018 14300BE5 		str	r3, [fp, #-20]
  33:../common/44blib.c **** 	if (time == 0)
 3453              		.loc 1 33 0
 3454 001c 18301BE5 		ldr	r3, [fp, #-24]
 3455 0020 000053E3 		cmp	r3, #0
 3456 0024 2100001A 		bne	.L3
  34:../common/44blib.c **** 	{
  35:../common/44blib.c **** 		time = 200;
 3457              		.loc 1 35 0
 3458 0028 C830A0E3 		mov	r3, #200
 3459 002c 18300BE5 		str	r3, [fp, #-24]
  36:../common/44blib.c **** 		adjust = 1;
 3460              		.loc 1 36 0
 3461 0030 0130A0E3 		mov	r3, #1
 3462 0034 14300BE5 		str	r3, [fp, #-20]
  37:../common/44blib.c **** 		delayLoopCount = 400;
 3463              		.loc 1 37 0
 3464 0038 D8309FE5 		ldr	r3, .L8
 3465 003c 192EA0E3 		mov	r2, #400
 3466 0040 002083E5 		str	r2, [r3, #0]
  38:../common/44blib.c **** 		rWTCON = ((MCLK/1000000 - 1)<<8) | (2<<3);	// 1M/64,Watch-dog,nRESET,interrupt disable //
 3467              		.loc 1 38 0
 3468 0044 D0309FE5 		ldr	r3, .L8+4
 3469 0048 D0209FE5 		ldr	r2, .L8+8
 3470 004c 002083E5 		str	r2, [r3, #0]
  39:../common/44blib.c **** 		rWTDAT = 0xffff;
 3471              		.loc 1 39 0
 3472 0050 CC309FE5 		ldr	r3, .L8+12
 3473 0054 CC209FE5 		ldr	r2, .L8+16
 3474 0058 002083E5 		str	r2, [r3, #0]
  40:../common/44blib.c **** 		rWTCNT = 0xffff;
 3475              		.loc 1 40 0
 3476 005c C8309FE5 		ldr	r3, .L8+20
 3477 0060 C0209FE5 		ldr	r2, .L8+16
 3478 0064 002083E5 		str	r2, [r3, #0]
  41:../common/44blib.c **** 		rWTCON = ((MCLK/1000000 - 1)<<8)|(2<<3)|(1<<5); // 1M/64,Watch-dog enable,nRESET,interrupt disabl
 3479              		.loc 1 41 0
 3480 0068 AC309FE5 		ldr	r3, .L8+4
 3481 006c BC209FE5 		ldr	r2, .L8+24
 3482 0070 002083E5 		str	r2, [r3, #0]
  42:../common/44blib.c **** 	}
  43:../common/44blib.c **** 	for (; time>0; time--)
 3483              		.loc 1 43 0
 3484 0074 0D0000EA 		b	.L3
 3485              	.L6:
  44:../common/44blib.c **** 		for (i = 0; i < delayLoopCount; i++);
 3486              		.loc 1 44 0
 3487 0078 0030A0E3 		mov	r3, #0
 3488 007c 10300BE5 		str	r3, [fp, #-16]
 3489 0080 020000EA 		b	.L4
 3490              	.L5:
 3491              		.loc 1 44 0 is_stmt 0 discriminator 2
 3492 0084 10301BE5 		ldr	r3, [fp, #-16]
 3493 0088 013083E2 		add	r3, r3, #1
 3494 008c 10300BE5 		str	r3, [fp, #-16]
 3495              	.L4:
 3496              		.loc 1 44 0 discriminator 1
 3497 0090 80309FE5 		ldr	r3, .L8
 3498 0094 003093E5 		ldr	r3, [r3, #0]
 3499 0098 10201BE5 		ldr	r2, [fp, #-16]
 3500 009c 030052E1 		cmp	r2, r3
 3501 00a0 F7FFFFBA 		blt	.L5
  43:../common/44blib.c **** 	for (; time>0; time--)
 3502              		.loc 1 43 0 is_stmt 1
 3503 00a4 18301BE5 		ldr	r3, [fp, #-24]
 3504 00a8 013043E2 		sub	r3, r3, #1
 3505 00ac 18300BE5 		str	r3, [fp, #-24]
 3506              	.L3:
  43:../common/44blib.c **** 	for (; time>0; time--)
 3507              		.loc 1 43 0 is_stmt 0 discriminator 1
 3508 00b0 18301BE5 		ldr	r3, [fp, #-24]
 3509 00b4 000053E3 		cmp	r3, #0
 3510 00b8 EEFFFFCA 		bgt	.L6
  45:../common/44blib.c **** 	if (adjust == 1)
 3511              		.loc 1 45 0 is_stmt 1
 3512 00bc 14301BE5 		ldr	r3, [fp, #-20]
 3513 00c0 010053E3 		cmp	r3, #1
 3514 00c4 1000001A 		bne	.L1
  46:../common/44blib.c **** 	{
  47:../common/44blib.c **** 		rWTCON = ((MCLK/1000000 - 1)<<8)|(2<<3);
 3515              		.loc 1 47 0
 3516 00c8 4C309FE5 		ldr	r3, .L8+4
 3517 00cc 4C209FE5 		ldr	r2, .L8+8
 3518 00d0 002083E5 		str	r2, [r3, #0]
  48:../common/44blib.c **** 		i = 0xffff - rWTCNT;   //  1count/16us?????????//
 3519              		.loc 1 48 0
 3520 00d4 50309FE5 		ldr	r3, .L8+20
 3521 00d8 003093E5 		ldr	r3, [r3, #0]
 3522 00dc FF3C63E2 		rsb	r3, r3, #65280
 3523 00e0 FF3083E2 		add	r3, r3, #255
 3524 00e4 10300BE5 		str	r3, [fp, #-16]
  49:../common/44blib.c **** 		delayLoopCount = 8000000/(i*64);	//400*100/(i*64/200)   //
 3525              		.loc 1 49 0
 3526 00e8 10301BE5 		ldr	r3, [fp, #-16]
 3527 00ec 0333A0E1 		mov	r3, r3, asl #6
 3528 00f0 3C009FE5 		ldr	r0, .L8+28
 3529 00f4 0310A0E1 		mov	r1, r3
 3530 00f8 FEFFFFEB 		bl	__aeabi_idiv
 3531 00fc 0030A0E1 		mov	r3, r0
 3532 0100 0320A0E1 		mov	r2, r3
 3533 0104 0C309FE5 		ldr	r3, .L8
 3534 0108 002083E5 		str	r2, [r3, #0]
 3535              	.L1:
  50:../common/44blib.c **** 	}
  51:../common/44blib.c **** }
 3536              		.loc 1 51 0
 3537 010c 0CD04BE2 		sub	sp, fp, #12
 3538 0110 00689DE8 		ldmfd	sp, {fp, sp, lr}
 3539 0114 1EFF2FE1 		bx	lr
 3540              	.L9:
 3541              		.align	2
 3542              	.L8:
 3543 0118 08000000 		.word	delayLoopCount
 3544 011c 0000D301 		.word	30605312
 3545 0120 103F0000 		.word	16144
 3546 0124 0400D301 		.word	30605316
 3547 0128 FFFF0000 		.word	65535
 3548 012c 0800D301 		.word	30605320
 3549 0130 303F0000 		.word	16176
 3550 0134 00127A00 		.word	8000000
 3551              		.cfi_endproc
 3552              	.LFE0:
 3554              		.align	2
 3555              		.global	DelayMs
 3557              	DelayMs:
 3558              	.LFB1:
  52:../common/44blib.c **** 
  53:../common/44blib.c **** void DelayMs(int ms_time)
  54:../common/44blib.c **** {
 3559              		.loc 1 54 0
 3560              		.cfi_startproc
 3561              		@ Function supports interworking.
 3562              		@ args = 0, pretend = 0, frame = 16
 3563              		@ frame_needed = 1, uses_anonymous_args = 0
 3564 0138 0DC0A0E1 		mov	ip, sp
 3565              	.LCFI2:
 3566              		.cfi_def_cfa_register 12
 3567 013c 00D82DE9 		stmfd	sp!, {fp, ip, lr, pc}
 3568 0140 04B04CE2 		sub	fp, ip, #4
 3569              		.cfi_offset 14, -8
 3570              		.cfi_offset 13, -12
 3571              		.cfi_offset 11, -16
 3572              	.LCFI3:
 3573              		.cfi_def_cfa 11, 4
 3574 0144 10D04DE2 		sub	sp, sp, #16
 3575 0148 18000BE5 		str	r0, [fp, #-24]
  55:../common/44blib.c **** 	int i;
  56:../common/44blib.c **** 
  57:../common/44blib.c **** 	for (i = 0; i < 1000*ms_time ; i++)
 3576              		.loc 1 57 0
 3577 014c 0030A0E3 		mov	r3, #0
 3578 0150 10300BE5 		str	r3, [fp, #-16]
 3579 0154 020000EA 		b	.L11
 3580              	.L12:
 3581              		.loc 1 57 0 is_stmt 0 discriminator 2
 3582 0158 10301BE5 		ldr	r3, [fp, #-16]
 3583 015c 013083E2 		add	r3, r3, #1
 3584 0160 10300BE5 		str	r3, [fp, #-16]
 3585              	.L11:
 3586              		.loc 1 57 0 discriminator 1
 3587 0164 18201BE5 		ldr	r2, [fp, #-24]
 3588 0168 0230A0E1 		mov	r3, r2
 3589 016c 8332A0E1 		mov	r3, r3, asl #5
 3590 0170 033062E0 		rsb	r3, r2, r3
 3591 0174 0331A0E1 		mov	r3, r3, asl #2
 3592 0178 023083E0 		add	r3, r3, r2
 3593 017c 8331A0E1 		mov	r3, r3, asl #3
 3594 0180 0320A0E1 		mov	r2, r3
 3595 0184 10301BE5 		ldr	r3, [fp, #-16]
 3596 0188 030052E1 		cmp	r2, r3
 3597 018c F1FFFFCA 		bgt	.L12
  58:../common/44blib.c **** 		;
  59:../common/44blib.c **** }
 3598              		.loc 1 59 0 is_stmt 1
 3599 0190 0CD04BE2 		sub	sp, fp, #12
 3600 0194 00689DE8 		ldmfd	sp, {fp, sp, lr}
 3601 0198 1EFF2FE1 		bx	lr
 3602              		.cfi_endproc
 3603              	.LFE1:
 3605              		.align	2
 3606              		.global	Port_Init
 3608              	Port_Init:
 3609              	.LFB2:
  60:../common/44blib.c **** 
  61:../common/44blib.c **** //------------------------PORTS------------------------------//
  62:../common/44blib.c **** void Port_Init(void)
  63:../common/44blib.c **** {
 3610              		.loc 1 63 0
 3611              		.cfi_startproc
 3612              		@ Function supports interworking.
 3613              		@ args = 0, pretend = 0, frame = 0
 3614              		@ frame_needed = 1, uses_anonymous_args = 0
 3615 019c 0DC0A0E1 		mov	ip, sp
 3616              	.LCFI4:
 3617              		.cfi_def_cfa_register 12
 3618 01a0 00D82DE9 		stmfd	sp!, {fp, ip, lr, pc}
 3619 01a4 04B04CE2 		sub	fp, ip, #4
 3620              		.cfi_offset 14, -8
 3621              		.cfi_offset 13, -12
 3622              		.cfi_offset 11, -16
 3623              	.LCFI5:
 3624              		.cfi_def_cfa 11, 4
  64:../common/44blib.c **** 	//CAUTION:Follow the configuration order for setting the ports.
  65:../common/44blib.c **** 	// 1) setting value
  66:../common/44blib.c **** 	// 2) setting control register
  67:../common/44blib.c **** 	// 3) configure pull-up resistor.
  68:../common/44blib.c **** 
  69:../common/44blib.c **** 	//16bit data bus configuration
  70:../common/44blib.c **** 
  71:../common/44blib.c **** 	// PORT A GROUP
  72:../common/44blib.c **** 	// BIT 	9	8	7	6	5	4	3	2	1	0
  73:../common/44blib.c **** 	// 		A24	A23	A22	A21	A20	A19	A18	A17	A16	A0
  74:../common/44blib.c **** 	//		0	1	1	1	1	1	1	1	1	1
  75:../common/44blib.c **** 	rPCONA = 0x1ff;
 3625              		.loc 1 75 0
 3626 01a8 00319FE5 		ldr	r3, .L14
 3627 01ac 00219FE5 		ldr	r2, .L14+4
 3628 01b0 002083E5 		str	r2, [r3, #0]
  76:../common/44blib.c **** 
  77:../common/44blib.c **** 	// PORT B GROUP
  78:../common/44blib.c **** 	// BIT 	10		9		8		7		6		5		4		3		2		1		0
  79:../common/44blib.c **** 	//		/CS5	/CS4	/CS3	/CS2	/CS1	GPB5	GPB4	/SRAS	/SCAS	SCLK	SCKE
  80:../common/44blib.c **** 	//		EXT		NIC		USB		IDE		SMC		NC		NC		Sdram	Sdram	Sdram	Sdram
  81:../common/44blib.c **** 	//      1, 		1,   	1,   	1,    	1,    	0,       0,     1,    	1,    	1,   	1
  82:../common/44blib.c **** 	rPDATB = 0x7ff;
 3629              		.loc 1 82 0
 3630 01b4 FC309FE5 		ldr	r3, .L14+8
 3631 01b8 FC209FE5 		ldr	r2, .L14+12
 3632 01bc 002083E5 		str	r2, [r3, #0]
  83:../common/44blib.c **** 	rPCONB = 0x1cf;			// P9-LED1 P10-LED2
 3633              		.loc 1 83 0
 3634 01c0 F8309FE5 		ldr	r3, .L14+16
 3635 01c4 F8209FE5 		ldr	r2, .L14+20
 3636 01c8 002083E5 		str	r2, [r3, #0]
  84:../common/44blib.c **** 
  85:../common/44blib.c **** 	// PORT C GROUP
  86:../common/44blib.c **** 	// BUSWIDTH=16
  87:../common/44blib.c **** 	//  PC15	14		13		12		11		10		9		8
  88:../common/44blib.c **** 	//	I		I		RXD1	TXD1	I		I		I		I
  89:../common/44blib.c **** 	//	NC		NC		Uart1	Uart1	NC		NC		NC		NC
  90:../common/44blib.c **** 	//	00		00		11		11		00		00		00		00
  91:../common/44blib.c **** 
  92:../common/44blib.c **** 	//  PC7		6		5		4		3		2		1		0
  93:../common/44blib.c **** 	//   I		I		I		I		I		I		I		I
  94:../common/44blib.c **** 	//   NC		NC		NC		NC		IISCLK	IISDI	IISDO	IISLRCK
  95:../common/44blib.c **** 	//   00		00		00		00		11		11		11		11
  96:../common/44blib.c **** 	rPDATC = 0xff00;
 3637              		.loc 1 96 0
 3638 01cc F4309FE5 		ldr	r3, .L14+24
 3639 01d0 FF2CA0E3 		mov	r2, #65280
 3640 01d4 002083E5 		str	r2, [r3, #0]
  97:../common/44blib.c **** 	rPCONC = 0x0ff0ffff;
 3641              		.loc 1 97 0
 3642 01d8 EC309FE5 		ldr	r3, .L14+28
 3643 01dc EC209FE5 		ldr	r2, .L14+32
 3644 01e0 002083E5 		str	r2, [r3, #0]
  98:../common/44blib.c **** 	rPUPC  = 0x30ff;	//PULL UP RESISTOR should be enabled to I/O
 3645              		.loc 1 98 0
 3646 01e4 E8309FE5 		ldr	r3, .L14+36
 3647 01e8 E8209FE5 		ldr	r2, .L14+40
 3648 01ec 002083E5 		str	r2, [r3, #0]
  99:../common/44blib.c **** 
 100:../common/44blib.c **** 	// PORT D GROUP
 101:../common/44blib.c **** 	// PORT D GROUP(I/O OR LCD)
 102:../common/44blib.c **** 	// BIT7		6		5		4		3		2		1		0
 103:../common/44blib.c **** 	//	VF		VM		VLINE	VCLK	VD3		VD2		VD1		VD0
 104:../common/44blib.c **** 	//	00		00		00		00		00		00		00		00
 105:../common/44blib.c **** 	rPDATD= 0xff;
 3649              		.loc 1 105 0
 3650 01f0 E4309FE5 		ldr	r3, .L14+44
 3651 01f4 FF20A0E3 		mov	r2, #255
 3652 01f8 002083E5 		str	r2, [r3, #0]
 106:../common/44blib.c **** 	rPCOND= 0xaaaa;
 3653              		.loc 1 106 0
 3654 01fc DC309FE5 		ldr	r3, .L14+48
 3655 0200 DC209FE5 		ldr	r2, .L14+52
 3656 0204 002083E5 		str	r2, [r3, #0]
 107:../common/44blib.c **** 	rPUPD = 0x0;
 3657              		.loc 1 107 0
 3658 0208 D8309FE5 		ldr	r3, .L14+56
 3659 020c 0020A0E3 		mov	r2, #0
 3660 0210 002083E5 		str	r2, [r3, #0]
 108:../common/44blib.c **** 	// These pins must be set only after CPU's internal LCD controller is enable
 109:../common/44blib.c **** 
 110:../common/44blib.c **** 	// PORT E GROUP
 111:../common/44blib.c **** 	// Bit	8		7		6		5		4		3		2		1		0
 112:../common/44blib.c **** 	//  	CODECLK	LED4	LED5	LED6	LED7	BEEP	RXD0	TXD0	LcdDisp
 113:../common/44blib.c **** 	//  	10		01		01		01		01		01		10		10		01
 114:../common/44blib.c **** 	rPDATE	= 0x1ff;
 3661              		.loc 1 114 0
 3662 0214 D0309FE5 		ldr	r3, .L14+60
 3663 0218 94209FE5 		ldr	r2, .L14+4
 3664 021c 002083E5 		str	r2, [r3, #0]
 115:../common/44blib.c **** 	rPCONE	= 0x25529;
 3665              		.loc 1 115 0
 3666 0220 C8309FE5 		ldr	r3, .L14+64
 3667 0224 C8209FE5 		ldr	r2, .L14+68
 3668 0228 002083E5 		str	r2, [r3, #0]
 116:../common/44blib.c **** 	rPUPE	= 0x6;
 3669              		.loc 1 116 0
 3670 022c C4309FE5 		ldr	r3, .L14+72
 3671 0230 0620A0E3 		mov	r2, #6
 3672 0234 002083E5 		str	r2, [r3, #0]
 117:../common/44blib.c **** 
 118:../common/44blib.c **** 	// PORT F GROUP
 119:../common/44blib.c **** 	// Bit8		7		6		5		 4		3		2		1		0
 120:../common/44blib.c **** 	// IISCLK	IISDI	IISDO	IISLRCK	Input	Input	Input	IICSDA	IICSCL
 121:../common/44blib.c **** 	// 100		100		100		100		00		00		00		10		10
 122:../common/44blib.c **** 	rPDATF = 0x0;
 3673              		.loc 1 122 0
 3674 0238 BC309FE5 		ldr	r3, .L14+76
 3675 023c 0020A0E3 		mov	r2, #0
 3676 0240 002083E5 		str	r2, [r3, #0]
 123:../common/44blib.c **** 	rPCONF = 0x252a;
 3677              		.loc 1 123 0
 3678 0244 B4309FE5 		ldr	r3, .L14+80
 3679 0248 B4209FE5 		ldr	r2, .L14+84
 3680 024c 002083E5 		str	r2, [r3, #0]
 124:../common/44blib.c **** 	rPUPF  = 0x0;
 3681              		.loc 1 124 0
 3682 0250 B0309FE5 		ldr	r3, .L14+88
 3683 0254 0020A0E3 		mov	r2, #0
 3684 0258 002083E5 		str	r2, [r3, #0]
 125:../common/44blib.c **** 
 126:../common/44blib.c **** 	// PORT G GROUP
 127:../common/44blib.c **** 	// BIT7		6		5		4		3		2		1		0
 128:../common/44blib.c **** 	// 	INT7	INT6	INT5	INT4	INT3	INT2	INT1	INT0
 129:../common/44blib.c **** 	//	S3		S4		S5		S6		NIC		EXT		IDE		USB
 130:../common/44blib.c **** 	//	11      11      11      11      11      11      11      11
 131:../common/44blib.c **** 	rPDATG = 0xff;
 3685              		.loc 1 131 0
 3686 025c A8309FE5 		ldr	r3, .L14+92
 3687 0260 FF20A0E3 		mov	r2, #255
 3688 0264 002083E5 		str	r2, [r3, #0]
 132:../common/44blib.c **** 	rPCONG = 0xffff;
 3689              		.loc 1 132 0
 3690 0268 A0309FE5 		ldr	r3, .L14+96
 3691 026c A0209FE5 		ldr	r2, .L14+100
 3692 0270 002083E5 		str	r2, [r3, #0]
 133:../common/44blib.c **** 	rPUPG  = 0x0;		//pull-up portG enabled
 3693              		.loc 1 133 0
 3694 0274 9C309FE5 		ldr	r3, .L14+104
 3695 0278 0020A0E3 		mov	r2, #0
 3696 027c 002083E5 		str	r2, [r3, #0]
 134:../common/44blib.c **** 	rSPUCR = 0x7;  		//D15-D0 pull-up disable
 3697              		.loc 1 134 0
 3698 0280 94309FE5 		ldr	r3, .L14+108
 3699 0284 0720A0E3 		mov	r2, #7
 3700 0288 002083E5 		str	r2, [r3, #0]
 135:../common/44blib.c **** 
 136:../common/44blib.c **** 	/* Non Cache area */
 137:../common/44blib.c **** 	rNCACHBE0 = ((Non_Cache_End>>12)<<16) | (Non_Cache_Start>>12);
 3701              		.loc 1 137 0
 3702 028c 8C309FE5 		ldr	r3, .L14+112
 3703 0290 8C209FE5 		ldr	r2, .L14+116
 3704 0294 002083E5 		str	r2, [r3, #0]
 138:../common/44blib.c **** 
 139:../common/44blib.c **** 	/* Low level default */
 140:../common/44blib.c **** 	rEXTINT = 0x0;
 3705              		.loc 1 140 0
 3706 0298 88309FE5 		ldr	r3, .L14+120
 3707 029c 0020A0E3 		mov	r2, #0
 3708 02a0 002083E5 		str	r2, [r3, #0]
 141:../common/44blib.c **** }
 3709              		.loc 1 141 0
 3710 02a4 0CD04BE2 		sub	sp, fp, #12
 3711 02a8 00689DE8 		ldmfd	sp, {fp, sp, lr}
 3712 02ac 1EFF2FE1 		bx	lr
 3713              	.L15:
 3714              		.align	2
 3715              	.L14:
 3716 02b0 0000D201 		.word	30539776
 3717 02b4 FF010000 		.word	511
 3718 02b8 0C00D201 		.word	30539788
 3719 02bc FF070000 		.word	2047
 3720 02c0 0800D201 		.word	30539784
 3721 02c4 CF010000 		.word	463
 3722 02c8 1400D201 		.word	30539796
 3723 02cc 1000D201 		.word	30539792
 3724 02d0 FFFFF00F 		.word	267452415
 3725 02d4 1800D201 		.word	30539800
 3726 02d8 FF300000 		.word	12543
 3727 02dc 2000D201 		.word	30539808
 3728 02e0 1C00D201 		.word	30539804
 3729 02e4 AAAA0000 		.word	43690
 3730 02e8 2400D201 		.word	30539812
 3731 02ec 2C00D201 		.word	30539820
 3732 02f0 2800D201 		.word	30539816
 3733 02f4 29550200 		.word	152873
 3734 02f8 3000D201 		.word	30539824
 3735 02fc 3800D201 		.word	30539832
 3736 0300 3400D201 		.word	30539828
 3737 0304 2A250000 		.word	9514
 3738 0308 3C00D201 		.word	30539836
 3739 030c 4400D201 		.word	30539844
 3740 0310 4000D201 		.word	30539840
 3741 0314 FFFF0000 		.word	65535
 3742 0318 4800D201 		.word	30539848
 3743 031c 4C00D201 		.word	30539852
 3744 0320 0400C001 		.word	29360132
 3745 0324 002000C0 		.word	-1073733632
 3746 0328 5000D201 		.word	30539856
 3747              		.cfi_endproc
 3748              	.LFE2:
 3750              		.align	2
 3751              		.global	malloc
 3753              	malloc:
 3754              	.LFB3:
 142:../common/44blib.c **** 
 143:../common/44blib.c **** 
 144:../common/44blib.c **** //--------------------------------HEAP---------------------------------//
 145:../common/44blib.c **** void *malloc(unsigned nbyte)
 146:../common/44blib.c **** /* Very simple; Use malloc() & free() like Stack */
 147:../common/44blib.c **** // void *mallocPt=Image$$RW$$Limit;
 148:../common/44blib.c **** {
 3755              		.loc 1 148 0
 3756              		.cfi_startproc
 3757              		@ Function supports interworking.
 3758              		@ args = 0, pretend = 0, frame = 16
 3759              		@ frame_needed = 1, uses_anonymous_args = 0
 3760 032c 0DC0A0E1 		mov	ip, sp
 3761              	.LCFI6:
 3762              		.cfi_def_cfa_register 12
 3763 0330 00D82DE9 		stmfd	sp!, {fp, ip, lr, pc}
 3764 0334 04B04CE2 		sub	fp, ip, #4
 3765              		.cfi_offset 14, -8
 3766              		.cfi_offset 13, -12
 3767              		.cfi_offset 11, -16
 3768              	.LCFI7:
 3769              		.cfi_def_cfa 11, 4
 3770 0338 10D04DE2 		sub	sp, sp, #16
 3771 033c 18000BE5 		str	r0, [fp, #-24]
 149:../common/44blib.c **** 	void *returnPt = mallocPt;
 3772              		.loc 1 149 0
 3773 0340 7C309FE5 		ldr	r3, .L19
 3774 0344 003093E5 		ldr	r3, [r3, #0]
 3775 0348 10300BE5 		str	r3, [fp, #-16]
 150:../common/44blib.c **** 
 151:../common/44blib.c **** 	mallocPt = (int *) mallocPt +nbyte/4 + ((nbyte%4)>0); //to align 4byte
 3776              		.loc 1 151 0
 3777 034c 70309FE5 		ldr	r3, .L19
 3778 0350 002093E5 		ldr	r2, [r3, #0]
 3779 0354 18301BE5 		ldr	r3, [fp, #-24]
 3780 0358 2311A0E1 		mov	r1, r3, lsr #2
 3781 035c 18301BE5 		ldr	r3, [fp, #-24]
 3782 0360 033003E2 		and	r3, r3, #3
 3783 0364 000053E3 		cmp	r3, #0
 3784 0368 0030A003 		moveq	r3, #0
 3785 036c 0130A013 		movne	r3, #1
 3786 0370 033081E0 		add	r3, r1, r3
 3787 0374 0331A0E1 		mov	r3, r3, asl #2
 3788 0378 032082E0 		add	r2, r2, r3
 3789 037c 40309FE5 		ldr	r3, .L19
 3790 0380 002083E5 		str	r2, [r3, #0]
 152:../common/44blib.c **** 
 153:../common/44blib.c **** 	if ((int)mallocPt > HEAPEND)
 3791              		.loc 1 153 0
 3792 0384 38309FE5 		ldr	r3, .L19
 3793 0388 003093E5 		ldr	r3, [r3, #0]
 3794 038c 0320A0E1 		mov	r2, r3
 3795 0390 30309FE5 		ldr	r3, .L19+4
 3796 0394 030052E1 		cmp	r2, r3
 3797 0398 040000DA 		ble	.L17
 154:../common/44blib.c **** 	{
 155:../common/44blib.c **** 		mallocPt = returnPt;
 3798              		.loc 1 155 0
 3799 039c 20309FE5 		ldr	r3, .L19
 3800 03a0 10201BE5 		ldr	r2, [fp, #-16]
 3801 03a4 002083E5 		str	r2, [r3, #0]
 156:../common/44blib.c **** 		return NULL;
 3802              		.loc 1 156 0
 3803 03a8 0030A0E3 		mov	r3, #0
 3804 03ac 000000EA 		b	.L18
 3805              	.L17:
 157:../common/44blib.c **** 	}
 158:../common/44blib.c **** 	return returnPt;
 3806              		.loc 1 158 0
 3807 03b0 10301BE5 		ldr	r3, [fp, #-16]
 3808              	.L18:
 159:../common/44blib.c **** }
 3809              		.loc 1 159 0
 3810 03b4 0300A0E1 		mov	r0, r3
 3811 03b8 0CD04BE2 		sub	sp, fp, #12
 3812 03bc 00689DE8 		ldmfd	sp, {fp, sp, lr}
 3813 03c0 1EFF2FE1 		bx	lr
 3814              	.L20:
 3815              		.align	2
 3816              	.L19:
 3817 03c4 00000000 		.word	mallocPt
 3818 03c8 00F07F0C 		.word	209711104
 3819              		.cfi_endproc
 3820              	.LFE3:
 3822              		.align	2
 3823              		.global	free
 3825              	free:
 3826              	.LFB4:
 160:../common/44blib.c **** 
 161:../common/44blib.c **** void free(void *pt)
 162:../common/44blib.c **** {
 3827              		.loc 1 162 0
 3828              		.cfi_startproc
 3829              		@ Function supports interworking.
 3830              		@ args = 0, pretend = 0, frame = 8
 3831              		@ frame_needed = 1, uses_anonymous_args = 0
 3832 03cc 0DC0A0E1 		mov	ip, sp
 3833              	.LCFI8:
 3834              		.cfi_def_cfa_register 12
 3835 03d0 00D82DE9 		stmfd	sp!, {fp, ip, lr, pc}
 3836 03d4 04B04CE2 		sub	fp, ip, #4
 3837              		.cfi_offset 14, -8
 3838              		.cfi_offset 13, -12
 3839              		.cfi_offset 11, -16
 3840              	.LCFI9:
 3841              		.cfi_def_cfa 11, 4
 3842 03d8 08D04DE2 		sub	sp, sp, #8
 3843 03dc 10000BE5 		str	r0, [fp, #-16]
 163:../common/44blib.c **** 	mallocPt = pt;
 3844              		.loc 1 163 0
 3845 03e0 10309FE5 		ldr	r3, .L22
 3846 03e4 10201BE5 		ldr	r2, [fp, #-16]
 3847 03e8 002083E5 		str	r2, [r3, #0]
 164:../common/44blib.c **** }
 3848              		.loc 1 164 0
 3849 03ec 0CD04BE2 		sub	sp, fp, #12
 3850 03f0 00689DE8 		ldmfd	sp, {fp, sp, lr}
 3851 03f4 1EFF2FE1 		bx	lr
 3852              	.L23:
 3853              		.align	2
 3854              	.L22:
 3855 03f8 00000000 		.word	mallocPt
 3856              		.cfi_endproc
 3857              	.LFE4:
 3859              		.align	2
 3860              		.global	sys_init
 3862              	sys_init:
 3863              	.LFB5:
 165:../common/44blib.c **** 
 166:../common/44blib.c **** //--------------------------------INIT---------------------------------//
 167:../common/44blib.c **** void sys_init()// Interrupt & Port
 168:../common/44blib.c **** {
 3864              		.loc 1 168 0
 3865              		.cfi_startproc
 3866              		@ Function supports interworking.
 3867              		@ args = 0, pretend = 0, frame = 0
 3868              		@ frame_needed = 1, uses_anonymous_args = 0
 3869 03fc 0DC0A0E1 		mov	ip, sp
 3870              	.LCFI10:
 3871              		.cfi_def_cfa_register 12
 3872 0400 00D82DE9 		stmfd	sp!, {fp, ip, lr, pc}
 3873 0404 04B04CE2 		sub	fp, ip, #4
 3874              		.cfi_offset 14, -8
 3875              		.cfi_offset 13, -12
 3876              		.cfi_offset 11, -16
 3877              	.LCFI11:
 3878              		.cfi_def_cfa 11, 4
 169:../common/44blib.c **** 	/* enable interrupt */
 170:../common/44blib.c **** 	rINTMOD = 0x0;
 3879              		.loc 1 170 0
 3880 0408 4C309FE5 		ldr	r3, .L25
 3881 040c 0020A0E3 		mov	r2, #0
 3882 0410 002083E5 		str	r2, [r3, #0]
 171:../common/44blib.c **** 	rINTCON = 0x1;
 3883              		.loc 1 171 0
 3884 0414 1E36A0E3 		mov	r3, #31457280
 3885 0418 0120A0E3 		mov	r2, #1
 3886 041c 002083E5 		str	r2, [r3, #0]
 172:../common/44blib.c **** 	rI_ISPC = 0xffffffff;			// clear all interrupt pend
 3887              		.loc 1 172 0
 3888 0420 38309FE5 		ldr	r3, .L25+4
 3889 0424 0020E0E3 		mvn	r2, #0
 3890 0428 002083E5 		str	r2, [r3, #0]
 173:../common/44blib.c **** 	rEXTINTPND = 0xf;			// clear EXTINTPND reg
 3891              		.loc 1 173 0
 3892 042c 30309FE5 		ldr	r3, .L25+8
 3893 0430 0F20A0E3 		mov	r2, #15
 3894 0434 002083E5 		str	r2, [r3, #0]
 174:../common/44blib.c **** 	Port_Init();				// Initial 44B0X's I/O port
 3895              		.loc 1 174 0
 3896 0438 FEFFFFEB 		bl	Port_Init
 175:../common/44blib.c **** 	Delay(0);				// delay time				
 3897              		.loc 1 175 0
 3898 043c 0000A0E3 		mov	r0, #0
 3899 0440 FEFFFFEB 		bl	Delay
 176:../common/44blib.c **** 	rINTMSK = ~(BIT_GLOBAL);  //enable interrupt mask vector
 3900              		.loc 1 176 0
 3901 0444 1C309FE5 		ldr	r3, .L25+12
 3902 0448 0123E0E3 		mvn	r2, #67108864
 3903 044c 002083E5 		str	r2, [r3, #0]
 177:../common/44blib.c **** }
 3904              		.loc 1 177 0
 3905 0450 0CD04BE2 		sub	sp, fp, #12
 3906 0454 00689DE8 		ldmfd	sp, {fp, sp, lr}
 3907 0458 1EFF2FE1 		bx	lr
 3908              	.L26:
 3909              		.align	2
 3910              	.L25:
 3911 045c 0800E001 		.word	31457288
 3912 0460 2400E001 		.word	31457316
 3913 0464 5400D201 		.word	30539860
 3914 0468 0C00E001 		.word	31457292
 3915              		.cfi_endproc
 3916              	.LFE5:
 3918              	.Letext0:
DEFINED SYMBOLS
                            *ABS*:00000000 44blib.c
                            *COM*:00000004 downPt
                            *COM*:00000004 fileSize
C:\Users\Jorge\AppData\Local\Temp\cc6Grs1e.s:3405   .data:00000000 mallocPt
C:\Users\Jorge\AppData\Local\Temp\cc6Grs1e.s:3402   .data:00000000 $d
C:\Users\Jorge\AppData\Local\Temp\cc6Grs1e.s:3412   .bss:00000000 restart
C:\Users\Jorge\AppData\Local\Temp\cc6Grs1e.s:3409   .bss:00000000 $d
C:\Users\Jorge\AppData\Local\Temp\cc6Grs1e.s:3419   .data:00000004 run
C:\Users\Jorge\AppData\Local\Temp\cc6Grs1e.s:3424   .data:00000008 delayLoopCount
C:\Users\Jorge\AppData\Local\Temp\cc6Grs1e.s:3428   .text:00000000 $a
C:\Users\Jorge\AppData\Local\Temp\cc6Grs1e.s:3431   .text:00000000 Delay
C:\Users\Jorge\AppData\Local\Temp\cc6Grs1e.s:3543   .text:00000118 $d
C:\Users\Jorge\AppData\Local\Temp\cc6Grs1e.s:3554   .text:00000138 $a
C:\Users\Jorge\AppData\Local\Temp\cc6Grs1e.s:3557   .text:00000138 DelayMs
C:\Users\Jorge\AppData\Local\Temp\cc6Grs1e.s:3608   .text:0000019c Port_Init
C:\Users\Jorge\AppData\Local\Temp\cc6Grs1e.s:3716   .text:000002b0 $d
C:\Users\Jorge\AppData\Local\Temp\cc6Grs1e.s:3750   .text:0000032c $a
C:\Users\Jorge\AppData\Local\Temp\cc6Grs1e.s:3753   .text:0000032c malloc
C:\Users\Jorge\AppData\Local\Temp\cc6Grs1e.s:3817   .text:000003c4 $d
C:\Users\Jorge\AppData\Local\Temp\cc6Grs1e.s:3822   .text:000003cc $a
C:\Users\Jorge\AppData\Local\Temp\cc6Grs1e.s:3825   .text:000003cc free
C:\Users\Jorge\AppData\Local\Temp\cc6Grs1e.s:3855   .text:000003f8 $d
C:\Users\Jorge\AppData\Local\Temp\cc6Grs1e.s:3859   .text:000003fc $a
C:\Users\Jorge\AppData\Local\Temp\cc6Grs1e.s:3862   .text:000003fc sys_init
C:\Users\Jorge\AppData\Local\Temp\cc6Grs1e.s:3911   .text:0000045c $d
                     .debug_frame:00000010 $d

UNDEFINED SYMBOLS
Image_RW_Limit
__aeabi_idiv
